<?xml version="1.0" encoding="UTF-8"?>
<testsuite name="setup" tests="1" skipped="0" failures="0" errors="0" timestamp="2022-10-03T18:00:01" hostname="DESKTOP-NK3DCV9" time="6.256">
  <properties/>
  <testcase name="goToWebsite" classname="setup" time="6.256"/>
  <system-out><![CDATA[]]></system-out>
  <system-err><![CDATA[SLF4J: Failed to load class "org.slf4j.impl.StaticLoggerBinder".
SLF4J: Defaulting to no-operation (NOP) logger implementation
SLF4J: See http://www.slf4j.org/codes.html#StaticLoggerBinder for further details.
Starting ChromeDriver 105.0.5195.52 (412c95e518836d8a7d97250d62b29c2ae6a26a85-refs/branch-heads/5195@{#853}) on port 60084
Only local connections are allowed.
Please see https://chromedriver.chromium.org/security-considerations for suggestions on keeping ChromeDriver safe.
ChromeDriver was started successfully.
[1664820003.678][WARNING]: This version of ChromeDriver has not been tested with Chrome version 106.
Oct 04, 2022 12:00:03 AM org.openqa.selenium.remote.ProtocolHandshake createSession
INFO: Detected upstream dialect: W3C
Oct 04, 2022 12:00:03 AM org.openqa.selenium.devtools.CdpVersionFinder findNearestMatch
WARNING: Unable to find an exact match for CDP version 106, so returning the closest version found: 103
Oct 04, 2022 12:00:03 AM org.openqa.selenium.devtools.CdpVersionFinder findNearestMatch
INFO: Found CDP implementation for version 106 of 103
]]></system-err>
</testsuite>
